<?xml version="1.0" encoding="UTF-8"?>
<!-- Generated by org.testng.reporters.JUnitReportReporter -->
<testsuite skipped="0" hostname="Raymonds-iMac.attlocal.net" name="websites.MarsairTest" tests="1" failures="0" timestamp="2020-04-25T15:34:08 EDT" time="130.869" errors="0">
  <testcase name="interview" time="130.869" classname="websites.MarsairTest"/>
  <system-out/>
</testsuite> <!-- websites.MarsairTest -->
