<?xml version="1.0" encoding="UTF-8"?>
<!-- Generated by org.testng.reporters.JUnitReportReporter -->
<testsuite skipped="0" hostname="Raymonds-iMac.attlocal.net" name="websites.AutoSuggestiveTest" tests="1" failures="0" timestamp="2020-05-14T13:01:37 EDT" time="81.734" errors="0">
  <testcase name="autoSugg" time="81.734" classname="websites.AutoSuggestiveTest"/>
  <system-out/>
</testsuite> <!-- websites.AutoSuggestiveTest -->
