<?xml version="1.0" encoding="UTF-8"?>
<!-- Generated by org.testng.reporters.JUnitReportReporter -->
<testsuite skipped="0" hostname="Raymonds-iMac.attlocal.net" name="websites.ExerTest" tests="1" failures="0" timestamp="2020-04-19T20:03:56 EDT" time="15.649" errors="0">
  <testcase name="alerts" time="15.649" classname="websites.ExerTest"/>
  <system-out/>
</testsuite> <!-- websites.ExerTest -->
