<?xml version="1.0" encoding="UTF-8"?>
<!-- Generated by org.testng.reporters.JUnitReportReporter -->
<testsuite skipped="0" hostname="Raymonds-iMac.attlocal.net" name="websites.AutoSuggestiveTest" tests="1" failures="0" timestamp="2020-04-19T20:03:56 EDT" time="15.551" errors="0">
  <testcase name="autoSugg" time="15.551" classname="websites.AutoSuggestiveTest"/>
  <system-out/>
</testsuite> <!-- websites.AutoSuggestiveTest -->
