<?xml version="1.0" encoding="UTF-8"?>
<!-- Generated by org.testng.reporters.JUnitReportReporter -->
<testsuite skipped="0" hostname="Raymonds-iMac.attlocal.net" name="websites.CalendarTest" tests="1" failures="0" timestamp="2020-04-19T20:03:56 EDT" time="20.365" errors="0">
  <testcase name="days" time="20.365" classname="websites.CalendarTest"/>
  <system-out/>
</testsuite> <!-- websites.CalendarTest -->
