<?xml version="1.0" encoding="UTF-8"?>
<!-- Generated by org.testng.reporters.JUnitReportReporter -->
<testsuite skipped="0" hostname="Raymonds-iMac.attlocal.net" name="websites.CheckboxesTest" tests="1" failures="0" timestamp="2020-04-19T20:03:56 EDT" time="27.299" errors="0">
  <testcase name="check" time="27.299" classname="websites.CheckboxesTest"/>
  <system-out/>
</testsuite> <!-- websites.CheckboxesTest -->
