<?xml version="1.0" encoding="UTF-8"?>
<!-- Generated by org.testng.reporters.JUnitReportReporter -->
<testsuite skipped="0" hostname="Raymonds-iMac.attlocal.net" name="Browser.CalendarTest" tests="1" failures="0" timestamp="2020-04-16T10:13:15 EDT" time="6.896" errors="0">
  <testcase name="days" time="6.896" classname="Browser.CalendarTest"/>
  <system-out/>
</testsuite> <!-- Browser.CalendarTest -->
