<?xml version="1.0" encoding="UTF-8"?>
<!-- Generated by org.testng.reporters.JUnitReportReporter -->
<testsuite skipped="0" hostname="Raymonds-iMac.attlocal.net" name="Browser.MarsairTest" tests="1" failures="0" timestamp="2020-04-16T10:13:15 EDT" time="6.938" errors="0">
  <testcase name="interview" time="6.938" classname="Browser.MarsairTest"/>
  <system-out/>
</testsuite> <!-- Browser.MarsairTest -->
