<?xml version="1.0" encoding="UTF-8"?>
<!-- Generated by org.testng.reporters.JUnitReportReporter -->
<testsuite skipped="0" hostname="Raymonds-iMac.attlocal.net" name="Browser.ExerTest" tests="1" failures="0" timestamp="2020-04-16T10:13:15 EDT" time="12.136" errors="0">
  <testcase name="alerts" time="12.136" classname="Browser.ExerTest"/>
  <system-out/>
</testsuite> <!-- Browser.ExerTest -->
