<?xml version="1.0" encoding="UTF-8"?>
<!-- Generated by org.testng.reporters.JUnitReportReporter -->
<testsuite skipped="0" hostname="Raymonds-iMac.attlocal.net" name="Browser.CleartripTest" tests="1" failures="0" timestamp="2020-04-15T12:14:41 EDT" time="16.080" errors="0">
  <testcase name="travel" time="16.080" classname="Browser.CleartripTest"/>
  <system-out/>
</testsuite> <!-- Browser.CleartripTest -->
