<?xml version="1.0" encoding="UTF-8"?>
<!-- Generated by org.testng.reporters.JUnitReportReporter -->
<testsuite skipped="0" hostname="Raymonds-iMac.attlocal.net" name="Browser.CheckboxesTest" tests="1" failures="0" timestamp="2020-04-16T10:13:15 EDT" time="20.112" errors="0">
  <testcase name="check" time="20.112" classname="Browser.CheckboxesTest"/>
  <system-out/>
</testsuite> <!-- Browser.CheckboxesTest -->
