<?xml version="1.0" encoding="UTF-8"?>
<!-- Generated by org.testng.reporters.JUnitReportReporter -->
<testsuite skipped="0" hostname="Raymonds-iMac.attlocal.net" name="Browser.AutoSuggestiveTest" tests="1" failures="0" timestamp="2020-04-16T10:13:15 EDT" time="15.039" errors="0">
  <testcase name="autoSugg" time="15.039" classname="Browser.AutoSuggestiveTest"/>
  <system-out/>
</testsuite> <!-- Browser.AutoSuggestiveTest -->
