<?xml version="1.0" encoding="UTF-8"?>
<!-- Generated by org.testng.reporters.JUnitReportReporter -->
<testsuite skipped="0" hostname="Raymonds-iMac.attlocal.net" name="Browser.addCartTest" tests="1" failures="0" timestamp="2020-04-15T12:14:41 EDT" time="36.919" errors="0">
  <testcase name="addVeggies" time="36.919" classname="Browser.addCartTest"/>
  <system-out/>
</testsuite> <!-- Browser.addCartTest -->
